<?xml version="1.0" encoding="UTF-8"?>
<testsuite name="miniplc0java.TokenizerTest" tests="1" skipped="0" failures="0" errors="0" timestamp="2020-10-26T01:29:11" hostname="liuyuxuandeMacBook-Pro.local" time="0.029">
  <properties/>
  <testcase name="testTokenizer" classname="miniplc0java.TokenizerTest" time="0.029"/>
  <system-out><![CDATA[Identifier, begin Pos(row: 0, col: 0) Pos(row: 0, col: 5)
Identifier, var Pos(row: 1, col: 4) Pos(row: 1, col: 7)
Identifier, a Pos(row: 1, col: 8) Pos(row: 1, col: 9)
EqualSign, = Pos(row: 1, col: 9) Pos(row: 1, col: 10)
UnsignedInteger, 0 Pos(row: 1, col: 10) Pos(row: 1, col: 11)
Semicolon, ; Pos(row: 1, col: 11) Pos(row: 1, col: 12)
Identifier, a Pos(row: 2, col: 4) Pos(row: 2, col: 5)
EqualSign, = Pos(row: 2, col: 6) Pos(row: 2, col: 7)
UnsignedInteger, 2 Pos(row: 2, col: 8) Pos(row: 2, col: 9)
MultiplicationSign, * Pos(row: 2, col: 9) Pos(row: 2, col: 10)
UnsignedInteger, 5 Pos(row: 2, col: 10) Pos(row: 2, col: 11)
MultiplicationSign, * Pos(row: 2, col: 11) Pos(row: 2, col: 12)
UnsignedInteger, 10 Pos(row: 2, col: 12) Pos(row: 2, col: 14)
Semicolon, ; Pos(row: 2, col: 14) Pos(row: 2, col: 15)
Identifier, print Pos(row: 3, col: 4) Pos(row: 3, col: 9)
LeftBracket, ( Pos(row: 3, col: 9) Pos(row: 3, col: 10)
Identifier, a Pos(row: 3, col: 10) Pos(row: 3, col: 11)
RightBracket, ) Pos(row: 3, col: 11) Pos(row: 3, col: 12)
Semicolon, ; Pos(row: 3, col: 12) Pos(row: 3, col: 13)
Identifier, end Pos(row: 4, col: 0) Pos(row: 4, col: 3)
]]></system-out>
  <system-err><![CDATA[]]></system-err>
</testsuite>
